Start process event_011300B
/home/meichen/anaconda3/lib/python3.6/site-packages/h5py/__init__.py:36: FutureWarning: Conversion of the second argument of issubdtype from `float` to `np.floating` is deprecated. In future, it will be treated as `np.float64 == np.dtype(float).type`.
  from ._conv import register_converters as _register_converters
2000-01-13T20:05:14.000000Z 2000-01-13T21:07:14.000000Z
[2020-03-15 12:57:23,169] - obspy.clients.fdsn.mass_downloader - INFO: Initializing FDSN client(s) for IRIS.
[2020-03-15 12:57:23,420] - obspy.clients.fdsn.mass_downloader - INFO: Successfully initialized 1 client(s): IRIS.
[2020-03-15 12:57:23,420] - obspy.clients.fdsn.mass_downloader - INFO: Total acquired or preexisting stations: 0
[2020-03-15 12:57:23,420] - obspy.clients.fdsn.mass_downloader - INFO: Client 'IRIS' - Requesting reliable availability.
[2020-03-15 12:57:23,808] - obspy.clients.fdsn.mass_downloader - INFO: Client 'IRIS' - Successfully requested availability (0.39 seconds)
[2020-03-15 12:57:23,870] - obspy.clients.fdsn.mass_downloader - INFO: Client 'IRIS' - Found 45 stations (131 channels).
[2020-03-15 12:57:23,900] - obspy.clients.fdsn.mass_downloader - INFO: Client 'IRIS' - Will attempt to download data from 44 stations.
[2020-03-15 12:57:23,904] - obspy.clients.fdsn.mass_downloader - INFO: Client 'IRIS' - Status for 128 time intervals/channels before downloading: NEEDS_DOWNLOADING
Traceback (most recent call last):
  File "/home/meichen/bin/data_download.py", line 1041, in <module>
    main()
  File "/home/meichen/bin/data_download.py", line 1007, in main
    download_data(event_info=[eventtime,eventlat,eventlon],shape='cir',cenlat=eventlat,cenlon=eventlon,minrad=70,maxrad=100,start=120,end=3600,channel='BH[NEZ]',client='IRIS',network='_US-ALL',save_path=folder_path)
  File "/home/meichen/bin/data_download.py", line 102, in download_data
    mdl.download(domain,restrictions,mseed_storage="{}/waveforms".format(save_path),stationxml_storage="{}/stations".format(save_path))
  File "/home/meichen/anaconda3/lib/python3.6/site-packages/obspy/clients/fdsn/mass_downloader/mass_downloader.py", line 198, in download
    threads_per_client=threads_per_client)
  File "/home/meichen/anaconda3/lib/python3.6/site-packages/obspy/clients/fdsn/mass_downloader/download_helpers.py", line 861, in download_mseed
    [(self.client, self.client_name, chunk) for chunk in chunks])
  File "/home/meichen/anaconda3/lib/python3.6/multiprocessing/pool.py", line 266, in map
    return self._map_async(func, iterable, mapstar, chunksize).get()
  File "/home/meichen/anaconda3/lib/python3.6/multiprocessing/pool.py", line 638, in get
    self.wait(timeout)
  File "/home/meichen/anaconda3/lib/python3.6/multiprocessing/pool.py", line 635, in wait
    self._event.wait(timeout)
  File "/home/meichen/anaconda3/lib/python3.6/threading.py", line 551, in wait
    signaled = self._cond.wait(timeout)
  File "/home/meichen/anaconda3/lib/python3.6/threading.py", line 295, in wait
    waiter.acquire()
KeyboardInterrupt
